Using rack adapter
Thin web server (v1.6.3 codename Protein Powder)
Maximum connections set to 1024
Listening on 0.0.0.0:3000, CTRL+C to stop
/home/vc8140fog/.rvm/gems/ruby-2.2.0/gems/eventmachine-1.0.7/lib/eventmachine.rb:526:in `start_tcp_server': no acceptor (port is in use or requires root privileges) (RuntimeError)
	from /home/vc8140fog/.rvm/gems/ruby-2.2.0/gems/eventmachine-1.0.7/lib/eventmachine.rb:526:in `start_server'
	from /home/vc8140fog/.rvm/gems/ruby-2.2.0/gems/thin-1.6.3/lib/thin/backends/tcp_server.rb:16:in `connect'
	from /home/vc8140fog/.rvm/gems/ruby-2.2.0/gems/thin-1.6.3/lib/thin/backends/base.rb:63:in `block in start'
	from /home/vc8140fog/.rvm/gems/ruby-2.2.0/gems/eventmachine-1.0.7/lib/eventmachine.rb:187:in `call'
	from /home/vc8140fog/.rvm/gems/ruby-2.2.0/gems/eventmachine-1.0.7/lib/eventmachine.rb:187:in `run_machine'
	from /home/vc8140fog/.rvm/gems/ruby-2.2.0/gems/eventmachine-1.0.7/lib/eventmachine.rb:187:in `run'
	from /home/vc8140fog/.rvm/gems/ruby-2.2.0/gems/thin-1.6.3/lib/thin/backends/base.rb:73:in `start'
	from /home/vc8140fog/.rvm/gems/ruby-2.2.0/gems/thin-1.6.3/lib/thin/server.rb:162:in `start'
	from /home/vc8140fog/.rvm/gems/ruby-2.2.0/gems/thin-1.6.3/lib/thin/controllers/controller.rb:87:in `start'
	from /home/vc8140fog/.rvm/gems/ruby-2.2.0/gems/thin-1.6.3/lib/thin/runner.rb:200:in `run_command'
	from /home/vc8140fog/.rvm/gems/ruby-2.2.0/gems/thin-1.6.3/lib/thin/runner.rb:156:in `run!'
	from /home/vc8140fog/.rvm/gems/ruby-2.2.0/gems/thin-1.6.3/bin/thin:6:in `<top (required)>'
	from /home/vc8140fog/.rvm/gems/ruby-2.2.0/bin/thin:23:in `load'
	from /home/vc8140fog/.rvm/gems/ruby-2.2.0/bin/thin:23:in `<main>'
	from /home/vc8140fog/.rvm/gems/ruby-2.2.0/bin/ruby_executable_hooks:15:in `eval'
	from /home/vc8140fog/.rvm/gems/ruby-2.2.0/bin/ruby_executable_hooks:15:in `<main>'
Using rack adapter
Thin web server (v1.6.3 codename Protein Powder)
Maximum connections set to 1024
Listening on 0.0.0.0:3000, CTRL+C to stop
Restarting ...
Waiting for 6 connection(s) to finish, can take up to 30 sec, CTRL+C to stop now
Using rack adapter

Thin web server (v1.6.3 codename Protein Powder)

Maximum connections set to 1024

Listening on 0.0.0.0:3000, CTRL+C to stop

/home/vc8140fog/.rvm/gems/ruby-2.2.0/gems/eventmachine-1.0.7/lib/eventmachine.rb:526:in `start_tcp_server': no acceptor (port is in use or requires root privileges) (RuntimeError)

	from /home/vc8140fog/.rvm/gems/ruby-2.2.0/gems/eventmachine-1.0.7/lib/eventmachine.rb:526:in `start_server'

	from /home/vc8140fog/.rvm/gems/ruby-2.2.0/gems/thin-1.6.3/lib/thin/backends/tcp_server.rb:16:in `connect'

	from /home/vc8140fog/.rvm/gems/ruby-2.2.0/gems/thin-1.6.3/lib/thin/backends/base.rb:63:in `block in start'

	from /home/vc8140fog/.rvm/gems/ruby-2.2.0/gems/eventmachine-1.0.7/lib/eventmachine.rb:187:in `call'

	from /home/vc8140fog/.rvm/gems/ruby-2.2.0/gems/eventmachine-1.0.7/lib/eventmachine.rb:187:in `run_machine'

	from /home/vc8140fog/.rvm/gems/ruby-2.2.0/gems/eventmachine-1.0.7/lib/eventmachine.rb:187:in `run'

	from /home/vc8140fog/.rvm/gems/ruby-2.2.0/gems/thin-1.6.3/lib/thin/backends/base.rb:73:in `start'

	from /home/vc8140fog/.rvm/gems/ruby-2.2.0/gems/thin-1.6.3/lib/thin/server.rb:162:in `start'

	from /home/vc8140fog/.rvm/gems/ruby-2.2.0/gems/thin-1.6.3/lib/thin/controllers/controller.rb:87:in `start'

	from /home/vc8140fog/.rvm/gems/ruby-2.2.0/gems/thin-1.6.3/lib/thin/runner.rb:200:in `run_command'

	from /home/vc8140fog/.rvm/gems/ruby-2.2.0/gems/thin-1.6.3/lib/thin/runner.rb:156:in `run!'

	from /home/vc8140fog/.rvm/gems/ruby-2.2.0/gems/thin-1.6.3/bin/thin:6:in `<top (required)>'

	from /home/vc8140fog/.rvm/gems/ruby-2.2.0/bin/thin:23:in `load'

	from /home/vc8140fog/.rvm/gems/ruby-2.2.0/bin/thin:23:in `<main>'

	from /home/vc8140fog/.rvm/gems/ruby-2.2.0/bin/ruby_executable_hooks:15:in `eval'

	from /home/vc8140fog/.rvm/gems/ruby-2.2.0/bin/ruby_executable_hooks:15:in `<main>'

